> [debug] [2026-06-14T02:13:09.672Z] Found config in file "/Users/ferasalfanatseh/Desktop/sheetinvoicer/vercel.json"
Vercel CLI 54.13.0 (Node.js 20.20.2)
> [debug] [2026-06-14T02:13:09.686Z] Agent/TTY/nonInteractive: isAgent=false agentName=none stdin.isTTY=true --non-interactive=false explicitFalse=false => nonInteractive=false
> [debug] [2026-06-14T02:13:09.686Z] user supplied a possible target for deployment or an extension
> [debug] [2026-06-14T02:13:09.717Z] failed to find extension command with name "vercel---prod"
> [debug] [2026-06-14T02:13:09.740Z] Setting target to production
> [debug] [2026-06-14T02:13:09.755Z] Spinner invoked (Retrieving project…) with a 1000ms delay
> [debug] [2026-06-14T02:13:09.756Z] Valid access token, skipping token refresh.
> [debug] [2026-06-14T02:13:09.778Z] #1 → GET https://api.vercel.com/teams/team_mdhQ8aYK47qosC6h1bkyZica?teamId=team_mdhQ8aYK47qosC6h1bkyZica
> [debug] [2026-06-14T02:13:09.779Z] #2 → GET https://api.vercel.com/v9/projects/prj_MPw59Bn0poJhlMUjWAJ4gMaAuV7j?teamId=team_mdhQ8aYK47qosC6h1bkyZica
> [debug] [2026-06-14T02:13:10.622Z] #2 ← 200 OK: sfo1::d2nfv-1781403190434-edf968acb8f3 [843ms]
> [debug] [2026-06-14T02:13:10.628Z] #1 ← 200 OK: sfo1::xcbbv-1781403190434-87dbc3bef500 [850ms]
> [debug] [2026-06-14T02:13:10.716Z] Spinner invoked (Deploying feras-alfanatseh/sheetinvoicer) with a 0ms delay
[client-debug] 2026-06-14T02:13:10.716Z Creating deployment...
[client-debug] 2026-06-14T02:13:10.716Z Provided 'path' is a directory.
[client-debug] 2026-06-14T02:13:10.718Z Found 26 rules in .vercelignore
[client-debug] 2026-06-14T02:13:10.718Z Building file tree...
[client-debug] 2026-06-14T02:13:10.724Z Found 218 files in the specified directory
[client-debug] 2026-06-14T02:13:10.740Z Yielding a 'hashes-calculated' event with 210 hashes
[client-debug] 2026-06-14T02:13:10.740Z Using provided API URL: https://api.vercel.com
[client-debug] 2026-06-14T02:13:10.740Z Using provided user agent: vercel 54.13.0 node-v20.20.2 darwin (arm64)
[client-debug] 2026-06-14T02:13:10.740Z Setting platform version to harcoded value 2
[client-debug] 2026-06-14T02:13:10.740Z Creating the deployment and starting upload...
[client-debug] 2026-06-14T02:13:10.740Z Determining necessary files for upload...
[client-debug] 2026-06-14T02:13:10.740Z Creating deployment
[client-debug] 2026-06-14T02:13:10.741Z Sending deployment creation API request
[client-debug] 2026-06-14T02:13:11.332Z Deployment response: {"error":{"code":"missing_files","message":"Missing files","missing":["b80addf538070f256ccd01f669a682ee13c4ad14"]}}
[client-debug] 2026-06-14T02:13:11.332Z Error: Deployment request status is 400
[client-debug] 2026-06-14T02:13:11.332Z 1 files are required to upload
[client-debug] 2026-06-14T02:13:11.333Z Yielding a 'file-count' event
> [debug] [2026-06-14T02:13:11.333Z] Total files 210, 1 changed
> [debug] [2026-06-14T02:13:11.333Z] Spinner invoked (Uploading [--------------------] (0.0B/1.7KB)) with a 0ms delay
[client-debug] 2026-06-14T02:13:11.334Z Building an upload list...
[client-debug] 2026-06-14T02:13:11.335Z Starting upload
[client-debug] 2026-06-14T02:13:11.336Z POST https://api.vercel.com/v2/files?teamId=team_mdhQ8aYK47qosC6h1bkyZica
> [debug] [2026-06-14T02:13:11.338Z] Spinner invoked (Uploading [====================] (1.7KB/1.7KB)) with a 0ms delay
[client-debug] 2026-06-14T02:13:11.724Z DONE in 388ms: POST https://api.vercel.com/v2/files?teamId=team_mdhQ8aYK47qosC6h1bkyZica
[client-debug] 2026-06-14T02:13:11.724Z File b80addf538070f256ccd01f669a682ee13c4ad14 (/Users/ferasalfanatseh/Desktop/sheetinvoicer/deploy.log) uploaded
[client-debug] 2026-06-14T02:13:11.724Z Yielding a 'file-uploaded' event
> [debug] [2026-06-14T02:13:11.725Z] Uploaded: /Users/ferasalfanatseh/Desktop/sheetinvoicer/deploy.log (1.69KB)
[client-debug] 2026-06-14T02:13:11.725Z All files uploaded
[client-debug] 2026-06-14T02:13:11.725Z Yielding a 'all-files-uploaded' event
[client-debug] 2026-06-14T02:13:11.725Z Starting deployment creation
[client-debug] 2026-06-14T02:13:11.725Z Creating deployment
[client-debug] 2026-06-14T02:13:11.726Z Sending deployment creation API request
[client-debug] 2026-06-14T02:13:13.151Z Deployment response: {"alias":["sheetinvoicer-feras-alfanatseh.vercel.app","sheetinvoicer-sheetinvoicer-feras-alfanatseh.vercel.app"],"aliasAssigned":false,"automaticAliases":["sheetinvoicer-feras-alfanatseh.vercel.app","sheetinvoicer-sheetinvoicer-feras-alfanatseh.vercel.app"],"bootedAt":1781403192408,"buildingAt":1781403192408,"buildSkipped":false,"createdAt":1781403192408,"creator":{"uid":"nSh1PPYvAbCWlEZVTCdSZ87R","username":"sheetinvoicer"},"id":"dpl_DUbSJrJTbAjtHddMrbanV11U7V8D","name":"sheetinvoicer","meta":{"githubCommitAuthorName":"appsferas","githubCommitAuthorEmail":"info@sheetinvoicer.com","githubCommitMessage":"REMOVE: PostHog analytics completely","githubCommitOrg":"Sheetinvoicer","githubCommitRef":"main","githubCommitRepo":"sheetinvoicer","githubCommitSha":"77e6c29da48a4b4c8addacd5cc309b7c22f50d3b","githubDeployment":"1","githubOrg":"Sheetinvoicer","githubRepo":"sheetinvoicer","gitDirty":"1"},"originCacheRegion":"iad1","project":{"id":"prj_MPw59Bn0poJhlMUjWAJ4gMaAuV7j","name":"sheetinvoicer","framework":"nextjs"},"public":false,"readyState":"INITIALIZING","regions":["iad1"],"source":"cli","status":"INITIALIZING","target":"production","team":{"id":"team_mdhQ8aYK47qosC6h1bkyZica","name":"Feras Alfanatseh","slug":"feras-alfanatseh"},"type":"LAMBDAS","url":"sheetinvoicer-r6ew7powp-feras-alfanatseh.vercel.app","version":2,"previewCommentsEnabled":true,"oidcTokenClaims":{"sub":"owner:feras-alfanatseh:project:sheetinvoicer:environment:production","iss":"https://oidc.vercel.com/feras-alfanatseh","scope":"owner:feras-alfanatseh:project:sheetinvoicer:environment:production","aud":"https://vercel.com/feras-alfanatseh","owner":"feras-alfanatseh","owner_id":"team_mdhQ8aYK47qosC6h1bkyZica","project":"sheetinvoicer","project_id":"prj_MPw59Bn0poJhlMUjWAJ4gMaAuV7j","environment":"production","plan":"pro"},"nodeVersion":"20.x","lambdas":[{"id":"bld_dlhp92aak","createdAt":1781403192348,"entrypoint":".","readyState":"READY","readyStateAt":1781403192348,"output":[]}],"aliasAssignedAt":null,"build":{"env":[]},"builds":[],"createdIn":"sfo1","env":[],"functions":null,"inspectorUrl":"https://vercel.com/feras-alfanatseh/sheetinvoicer/DUbSJrJTbAjtHddMrbanV11U7V8D","isInConcurrentBuildsQueue":false,"isInSystemBuildsQueue":true,"ownerId":"team_mdhQ8aYK47qosC6h1bkyZica","plan":"pro","projectId":"prj_MPw59Bn0poJhlMUjWAJ4gMaAuV7j","projectSettings":{"buildCommand":null,"devCommand":null,"framework":"nextjs","commandForIgnoringBuildStep":null,"installCommand":null,"outputDirectory":null,"speedInsights":{"id":"CFUA35hYV5Krp1SHSc4tCHOYblc","hasData":false},"webAnalytics":{"id":"BsygYQURujb41zdF4wCTuxzQz"},"nodeVersion":"20.x"},"routes":null,"config":{"version":1,"secureComputePrimaryRegion":null,"secureComputeFallbackRegion":null,"functionTimeout":300,"functionType":"fluid","functionMemoryType":"standard","isUsingActiveCPU":true,"resourceConfig":{"buildMachine":{"defaultPurchaseType":"standard","purchaseType":"standard","machineSelectionType":"elastic"},"buildQueue":{"configuration":"SKIP_NAMESPACE_QUEUE"},"elasticConcurrency":"PROJECT_SETTING"}},"checks":{"deployment-alias":{"state":"pending","startedAt":1781403192412}},"attribution":{"commitMeta":{"name":"appsferas","email":"info@sheetinvoicer.com","isVerified":false}}}
[client-debug] 2026-06-14T02:13:13.152Z Deployment created
[client-debug] 2026-06-14T02:13:13.152Z Yielding a 'created' event
  Inspect     https://vercel.com/feras-alfanatseh/sheetinvoicer/DUbSJrJTbAjtHddMrbanV11U7V8D
▲ Production  https://sheetinvoicer-r6ew7powp-feras-alfanatseh.vercel.app
https://sheetinvoicer-r6ew7powp-feras-alfanatseh.vercel.app> [debug] [2026-06-14T02:13:13.154Z] Spinner invoked (Building…) with a 0ms delay
> [debug] [2026-06-14T02:13:13.155Z] #3 → GET https://api.vercel.com/v3/now/deployments/dpl_DUbSJrJTbAjtHddMrbanV11U7V8D/events?direction=forward&follow=1&format=lines&teamId=team_mdhQ8aYK47qosC6h1bkyZica
[client-debug] 2026-06-14T02:13:13.155Z Waiting for deployment to be ready...
[client-debug] 2026-06-14T02:13:13.156Z Waiting for builds and the deployment to complete...
> [debug] [2026-06-14T02:13:15.633Z] #3 ← 200 OK: sfo1::8k28h-1781403193290-08776d7b3fbf [2.48s]
> [debug] [2026-06-14T02:13:15.636Z] Spinner invoked (Running build in Washington, D.C., USA (East) – iad1) with a 0ms delay
> [debug] [2026-06-14T02:13:15.636Z] Spinner invoked (Build machine configuration: 4 cores, 8 GB) with a 0ms delay
> [debug] [2026-06-14T02:13:15.636Z] Spinner invoked (Retrieving list of deployment files...) with a 0ms delay
> [debug] [2026-06-14T02:13:15.636Z] Spinner invoked (Downloading 218 deployment files...) with a 0ms delay
[client-debug] 2026-06-14T02:13:16.556Z Deployment state changed to BUILDING
[client-debug] 2026-06-14T02:13:16.556Z Yielding a 'building' event
> [debug] [2026-06-14T02:13:16.556Z] Spinner invoked (Downloading 218 deployment files...) with a 0ms delay
> [debug] [2026-06-14T02:13:16.558Z] Spinner invoked (Restored build cache from previous deployment (3uJjiaM1U75gFgjwUrojAfg8zPap)) with a 0ms delay
> [debug] [2026-06-14T02:13:16.559Z] Spinner invoked (Running "vercel build") with a 0ms delay
> [debug] [2026-06-14T02:13:16.559Z] Spinner invoked (Vercel CLI 54.12.2) with a 0ms delay
> [debug] [2026-06-14T02:13:19.664Z] Spinner invoked (Installing dependencies...) with a 0ms delay
> [debug] [2026-06-14T02:13:21.729Z] Spinner invoked (up to date in 2s) with a 0ms delay
> [debug] [2026-06-14T02:13:21.729Z] Spinner invoked (217 packages are looking for funding) with a 0ms delay
> [debug] [2026-06-14T02:13:21.729Z] Spinner invoked (run `npm fund` for details) with a 0ms delay
> [debug] [2026-06-14T02:13:21.729Z] Spinner invoked (Detected Next.js version: 16.2.9) with a 0ms delay
> [debug] [2026-06-14T02:13:21.730Z] Spinner invoked (Running "npm run build") with a 0ms delay
> [debug] [2026-06-14T02:13:21.730Z] Spinner invoked (> sheetinvoicer@0.1.0 build) with a 0ms delay
> [debug] [2026-06-14T02:13:21.730Z] Spinner invoked (> next build) with a 0ms delay
> [debug] [2026-06-14T02:13:21.730Z] Spinner invoked (Applying modifyConfig from Vercel) with a 0ms delay
> [debug] [2026-06-14T02:13:22.758Z] Spinner invoked (▲ Next.js 16.2.9 (Turbopack)) with a 0ms delay
> [debug] [2026-06-14T02:13:22.759Z] Spinner invoked (- Environments: .env.production) with a 0ms delay
> [debug] [2026-06-14T02:13:22.759Z] Spinner invoked (Creating an optimized production build ...) with a 0ms delay
> [debug] [2026-06-14T02:13:38.241Z] Spinner invoked (✓ Compiled successfully in 16.9s) with a 0ms delay
> [debug] [2026-06-14T02:13:38.241Z] Spinner invoked (Running TypeScript ...) with a 0ms delay
> [debug] [2026-06-14T02:13:41.430Z] Spinner invoked (Finished TypeScript in 4.1s ...) with a 0ms delay
> [debug] [2026-06-14T02:13:41.430Z] Spinner invoked (Collecting page data using 3 workers ...) with a 0ms delay
> [debug] [2026-06-14T02:13:43.436Z] Spinner invoked (Generating static pages using 3 workers (0/56) ...) with a 0ms delay
> [debug] [2026-06-14T02:13:43.436Z] Spinner invoked (Generating static pages using 3 workers (14/56)) with a 0ms delay
> [debug] [2026-06-14T02:13:43.436Z] Spinner invoked (Generating static pages using 3 workers (28/56)) with a 0ms delay
> [debug] [2026-06-14T02:13:43.436Z] Spinner invoked (Generating static pages using 3 workers (42/56)) with a 0ms delay
> [debug] [2026-06-14T02:13:43.436Z] Spinner invoked (✓ Generating static pages using 3 workers (56/56) in 739ms) with a 0ms delay
> [debug] [2026-06-14T02:13:43.436Z] Spinner invoked (Finalizing page optimization ...) with a 0ms delay
> [debug] [2026-06-14T02:13:43.436Z] Spinner invoked (Running onBuildComplete from Vercel) with a 0ms delay
> [debug] [2026-06-14T02:13:43.436Z] Spinner invoked (Detected .env file, it is strongly recommended to use Vercel's env handling instead) with a 0ms delay
> [debug] [2026-06-14T02:13:43.437Z] Spinner invoked (Route (app)) with a 0ms delay
> [debug] [2026-06-14T02:13:43.437Z] Spinner invoked (┌ ○ /) with a 0ms delay
> [debug] [2026-06-14T02:13:43.437Z] Spinner invoked (├ ○ /_not-found) with a 0ms delay
> [debug] [2026-06-14T02:13:43.437Z] Spinner invoked (├ ○ /api-docs) with a 0ms delay
> [debug] [2026-06-14T02:13:43.438Z] Spinner invoked (├ ƒ /api/agents/chat) with a 0ms delay
> [debug] [2026-06-14T02:13:43.438Z] Spinner invoked (├ ƒ /api/ai/action) with a 0ms delay
> [debug] [2026-06-14T02:13:43.438Z] Spinner invoked (├ ƒ /api/auth/reset-password) with a 0ms delay
> [debug] [2026-06-14T02:13:43.438Z] Spinner invoked (├ ƒ /api/auth/session) with a 0ms delay
> [debug] [2026-06-14T02:13:43.438Z] Spinner invoked (├ ƒ /api/auth/welcome-email) with a 0ms delay
> [debug] [2026-06-14T02:13:43.438Z] Spinner invoked (├ ƒ /api/clients) with a 0ms delay
> [debug] [2026-06-14T02:13:43.438Z] Spinner invoked (├ ƒ /api/cron/generate-recurring) with a 0ms delay
> [debug] [2026-06-14T02:13:43.438Z] Spinner invoked (├ ƒ /api/cron/send-reminders) with a 0ms delay
> [debug] [2026-06-14T02:13:43.438Z] Spinner invoked (├ ƒ /api/currency-settings) with a 0ms delay
> [debug] [2026-06-14T02:13:43.438Z] Spinner invoked (├ ƒ /api/discount) with a 0ms delay
> [debug] [2026-06-14T02:13:43.438Z] Spinner invoked (├ ƒ /api/estimates) with a 0ms delay
> [debug] [2026-06-14T02:13:43.438Z] Spinner invoked (├ ƒ /api/estimates/[id]) with a 0ms delay
> [debug] [2026-06-14T02:13:43.438Z] Spinner invoked (├ ƒ /api/estimates/[id]/convert) with a 0ms delay
> [debug] [2026-06-14T02:13:43.438Z] Spinner invoked (├ ƒ /api/expenses) with a 0ms delay
> [debug] [2026-06-14T02:13:43.439Z] Spinner invoked (├ ƒ /api/export) with a 0ms delay
> [debug] [2026-06-14T02:13:43.439Z] Spinner invoked (├ ƒ /api/health) with a 0ms delay
> [debug] [2026-06-14T02:13:43.439Z] Spinner invoked (├ ƒ /api/invoices) with a 0ms delay
> [debug] [2026-06-14T02:13:43.439Z] Spinner invoked (├ ƒ /api/invoices/send-magic-link) with a 0ms delay
> [debug] [2026-06-14T02:13:43.439Z] Spinner invoked (├ ƒ /api/portal/invoice) with a 0ms delay
> [debug] [2026-06-14T02:13:43.439Z] Spinner invoked (├ ƒ /api/reminders) with a 0ms delay
> [debug] [2026-06-14T02:13:43.439Z] Spinner invoked (├ ƒ /api/send-invoice) with a 0ms delay
> [debug] [2026-06-14T02:13:43.439Z] Spinner invoked (├ ƒ /api/sentry-example-api) with a 0ms delay
> [debug] [2026-06-14T02:13:43.439Z] Spinner invoked (├ ƒ /api/stripe/calculate-tax) with a 0ms delay
> [debug] [2026-06-14T02:13:43.439Z] Spinner invoked (├ ƒ /api/stripe/create-checkout) with a 0ms delay
> [debug] [2026-06-14T02:13:43.439Z] Spinner invoked (├ ƒ /api/stripe/create-subscription) with a 0ms delay
> [debug] [2026-06-14T02:13:43.439Z] Spinner invoked (├ ƒ /api/stripe/portal) with a 0ms delay
> [debug] [2026-06-14T02:13:43.439Z] Spinner invoked (├ ƒ /api/stripe/refund) with a 0ms delay
> [debug] [2026-06-14T02:13:43.439Z] Spinner invoked (├ ƒ /api/stripe/webhook) with a 0ms delay
> [debug] [2026-06-14T02:13:43.439Z] Spinner invoked (├ ƒ /api/tax-rates) with a 0ms delay
> [debug] [2026-06-14T02:13:43.440Z] Spinner invoked (├ ƒ /api/test) with a 0ms delay
> [debug] [2026-06-14T02:13:43.440Z] Spinner invoked (├ ƒ /api/test-cron) with a 0ms delay
> [debug] [2026-06-14T02:13:43.440Z] Spinner invoked (├ ƒ /api/webhooks/master) with a 0ms delay
> [debug] [2026-06-14T02:13:43.440Z] Spinner invoked (├ ○ /clients) with a 0ms delay
> [debug] [2026-06-14T02:13:43.440Z] Spinner invoked (├ ○ /dashboard) with a 0ms delay
> [debug] [2026-06-14T02:13:43.440Z] Spinner invoked (├ ○ /dashboard/clients) with a 0ms delay
> [debug] [2026-06-14T02:13:43.440Z] Spinner invoked (├ ƒ /dashboard/clients/[id]) with a 0ms delay
> [debug] [2026-06-14T02:13:43.440Z] Spinner invoked (├ ○ /dashboard/estimates) with a 0ms delay
> [debug] [2026-06-14T02:13:43.440Z] Spinner invoked (├ ƒ /dashboard/estimates/[id]) with a 0ms delay
> [debug] [2026-06-14T02:13:43.440Z] Spinner invoked (├ ○ /dashboard/estimates/new) with a 0ms delay
> [debug] [2026-06-14T02:13:43.440Z] Spinner invoked (├ ○ /dashboard/expenses) with a 0ms delay
> [debug] [2026-06-14T02:13:43.440Z] Spinner invoked (├ ○ /dashboard/expenses/new) with a 0ms delay
> [debug] [2026-06-14T02:13:43.440Z] Spinner invoked (├ ○ /dashboard/invoices) with a 0ms delay
> [debug] [2026-06-14T02:13:43.440Z] Spinner invoked (├ ƒ /dashboard/invoices/[id]) with a 0ms delay
> [debug] [2026-06-14T02:13:43.440Z] Spinner invoked (├ ƒ /dashboard/invoices/[id]/edit) with a 0ms delay
> [debug] [2026-06-14T02:13:43.440Z] Spinner invoked (├ ○ /dashboard/invoices/new) with a 0ms delay
> [debug] [2026-06-14T02:13:43.440Z] Spinner invoked (├ ○ /dashboard/recurring) with a 0ms delay
> [debug] [2026-06-14T02:13:43.440Z] Spinner invoked (├ ○ /dashboard/reports) with a 0ms delay
> [debug] [2026-06-14T02:13:43.440Z] Spinner invoked (├ ○ /dashboard/settings) with a 0ms delay
> [debug] [2026-06-14T02:13:43.441Z] Spinner invoked (├ ○ /dashboard/settings/currency) with a 0ms delay
> [debug] [2026-06-14T02:13:43.441Z] Spinner invoked (├ ○ /dashboard/settings/reminders) with a 0ms delay
> [debug] [2026-06-14T02:13:43.441Z] Spinner invoked (├ ○ /dashboard/subscription) with a 0ms delay
> [debug] [2026-06-14T02:13:43.441Z] Spinner invoked (├ ○ /dashboard/subscription/success) with a 0ms delay
> [debug] [2026-06-14T02:13:43.441Z] Spinner invoked (├ ○ /login) with a 0ms delay
> [debug] [2026-06-14T02:13:43.441Z] Spinner invoked (├ ƒ /pay/[id]) with a 0ms delay
> [debug] [2026-06-14T02:13:43.441Z] Spinner invoked (├ ƒ /portal/[token]) with a 0ms delay
> [debug] [2026-06-14T02:13:43.441Z] Spinner invoked (├ ○ /pricing) with a 0ms delay
> [debug] [2026-06-14T02:13:43.441Z] Spinner invoked (├ ○ /privacy) with a 0ms delay
> [debug] [2026-06-14T02:13:43.441Z] Spinner invoked (├ ○ /sentry-example-page) with a 0ms delay
> [debug] [2026-06-14T02:13:43.441Z] Spinner invoked (├ ○ /signup) with a 0ms delay
> [debug] [2026-06-14T02:13:43.441Z] Spinner invoked (├ ○ /terms) with a 0ms delay
> [debug] [2026-06-14T02:13:43.441Z] Spinner invoked (└ ○ /update-password) with a 0ms delay
> [debug] [2026-06-14T02:13:43.441Z] Spinner invoked (○  (Static)   prerendered as static content) with a 0ms delay
> [debug] [2026-06-14T02:13:43.441Z] Spinner invoked (ƒ  (Dynamic)  server-rendered on demand) with a 0ms delay
> [debug] [2026-06-14T02:13:43.441Z] Spinner invoked (Build Completed in /vercel/output [26s]) with a 0ms delay
> [debug] [2026-06-14T02:13:45.469Z] Spinner invoked (Deploying outputs...) with a 0ms delay
> [debug] [2026-06-14T02:13:50.637Z] Spinner invoked (Deployment completed) with a 0ms delay
> [debug] [2026-06-14T02:13:50.638Z] Spinner invoked (Creating build cache...) with a 0ms delay
[client-debug] 2026-06-14T02:13:51.282Z Deployment state changed to READY
[client-debug] 2026-06-14T02:13:51.282Z Yielding a 'ready' event
[2K[1A[2K[G▲ Production  https://sheetinvoicer-r6ew7powp-feras-alfanatseh.vercel.app
> [debug] [2026-06-14T02:13:51.285Z] Spinner invoked (Completing…) with a 0ms delay
[client-debug] 2026-06-14T02:13:51.285Z Deployment alias assigned
[client-debug] 2026-06-14T02:13:51.285Z Deployment is ready
[client-debug] 2026-06-14T02:13:51.285Z Yielding a 'alias-assigned' event
▲ Aliased     https://sheetinvoicer.vercel.app

✓ Ready in 41s
> [debug] [2026-06-14T02:13:51.656Z] Vercel CLI 54.13.0 (Node.js 20.20.2)

> [debug] [2026-06-14T02:13:52.252Z] Telemetry event tracked
> [debug] [2026-06-14T02:13:52.277Z] Telemetry subprocess exited with code 0
